# JRE version: Java(TM) SE Runtime Environment (8.0_111-b14) (build 1.8.0_111-b14)
# Java VM: Java HotSpot(TM) 64-Bit Server VM (25.111-b14 mixed mode linux-amd64 compressed oops)
Heap:
 PSYoungGen      total 263168K, used 22015K [0x00000000d7f80000, 0x00000000e9600000, 0x0000000100000000)
  eden space 241152K, 0% used [0x00000000d7f80000,0x00000000d7f80000,0x00000000e6b00000)
  from space 22016K, 99% used [0x00000000e6b00000,0x00000000e807fc60,0x00000000e8080000)
  to   space 17408K, 0% used [0x00000000e8500000,0x00000000e8500000,0x00000000e9600000)
 ParOldGen       total 87552K, used 36775K [0x0000000087e00000, 0x000000008d380000, 0x00000000d7f80000)
  object space 87552K, 42% used [0x0000000087e00000,0x000000008a1e9d68,0x000000008d380000)
 Metaspace       used 14695K, capacity 15080K, committed 15360K, reserved 1062912K
  class space    used 1814K, capacity 1937K, committed 2048K, reserved 1048576K
GC Heap History (10 events):
Event: 9.111 GC heap after
Heap after GC invocations=3 (full 0):
 PSYoungGen      total 67584K, used 4848K [0x00000000d7f80000, 0x00000000e0380000, 0x0000000100000000)
  eden space 62464K, 0% used [0x00000000d7f80000,0x00000000d7f80000,0x00000000dbc80000)
  from space 5120K, 94% used [0x00000000dbc80000,0x00000000dc13c340,0x00000000dc180000)
  to   space 5120K, 0% used [0x00000000dfe80000,0x00000000dfe80000,0x00000000e0380000)
 ParOldGen       total 83456K, used 26283K [0x0000000087e00000, 0x000000008cf80000, 0x00000000d7f80000)
  object space 83456K, 31% used [0x0000000087e00000,0x00000000897aaf48,0x000000008cf80000)
 Metaspace       used 13077K, capacity 13402K, committed 13568K, reserved 1060864K
  class space    used 1650K, capacity 1772K, committed 1792K, reserved 1048576K
}
Event: 76.590 GC heap before
{Heap before GC invocations=4 (full 0):
 PSYoungGen      total 67584K, used 64492K [0x00000000d7f80000, 0x00000000e0380000, 0x0000000100000000)
  eden space 62464K, 95% used [0x00000000d7f80000,0x00000000db9beea8,0x00000000dbc80000)
  from space 5120K, 94% used [0x00000000dbc80000,0x00000000dc13c340,0x00000000dc180000)
  to   space 5120K, 0% used [0x00000000dfe80000,0x00000000dfe80000,0x00000000e0380000)
 ParOldGen       total 83456K, used 26283K [0x0000000087e00000, 0x000000008cf80000, 0x00000000d7f80000)
  object space 83456K, 31% used [0x0000000087e00000,0x00000000897aaf48,0x000000008cf80000)
 Metaspace       used 14128K, capacity 14480K, committed 14720K, reserved 1062912K
  class space    used 1792K, capacity 1893K, committed 1920K, reserved 1048576K
Event: 76.614 GC heap after
Heap after GC invocations=4 (full 0):
 PSYoungGen      total 130048K, used 5113K [0x00000000d7f80000, 0x00000000e0380000, 0x0000000100000000)
  eden space 124928K, 0% used [0x00000000d7f80000,0x00000000d7f80000,0x00000000df980000)
  from space 5120K, 99% used [0x00000000dfe80000,0x00000000e037e7f8,0x00000000e0380000)
  to   space 5120K, 0% used [0x00000000df980000,0x00000000df980000,0x00000000dfe80000)
 ParOldGen       total 83456K, used 37626K [0x0000000087e00000, 0x000000008cf80000, 0x00000000d7f80000)
  object space 83456K, 45% used [0x0000000087e00000,0x000000008a2bea08,0x000000008cf80000)
 Metaspace       used 14128K, capacity 14480K, committed 14720K, reserved 1062912K
  class space    used 1792K, capacity 1893K, committed 1920K, reserved 1048576K
}
Event: 88.584 GC heap before
{Heap before GC invocations=5 (full 0):
 PSYoungGen      total 130048K, used 122843K [0x00000000d7f80000, 0x00000000e0380000, 0x0000000100000000)
  eden space 124928K, 94% used [0x00000000d7f80000,0x00000000df2787a8,0x00000000df980000)
  from space 5120K, 99% used [0x00000000dfe80000,0x00000000e037e7f8,0x00000000e0380000)
  to   space 5120K, 0% used [0x00000000df980000,0x00000000df980000,0x00000000dfe80000)
 ParOldGen       total 83456K, used 37626K [0x0000000087e00000, 0x000000008cf80000, 0x00000000d7f80000)
  object space 83456K, 45% used [0x0000000087e00000,0x000000008a2bea08,0x000000008cf80000)
 Metaspace       used 14482K, capacity 14804K, committed 15104K, reserved 1062912K
  class space    used 1814K, capacity 1937K, committed 2048K, reserved 1048576K
Event: 88.635 GC heap after
Heap after GC invocations=5 (full 0):
 PSYoungGen      total 130048K, used 2399K [0x00000000d7f80000, 0x00000000e9680000, 0x0000000100000000)
  eden space 124928K, 0% used [0x00000000d7f80000,0x00000000d7f80000,0x00000000df980000)
  from space 5120K, 46% used [0x00000000df980000,0x00000000dfbd7f18,0x00000000dfe80000)
  to   space 17920K, 0% used [0x00000000e8500000,0x00000000e8500000,0x00000000e9680000)
 ParOldGen       total 83456K, used 66779K [0x0000000087e00000, 0x000000008cf80000, 0x00000000d7f80000)
  object space 83456K, 80% used [0x0000000087e00000,0x000000008bf36d00,0x000000008cf80000)
 Metaspace       used 14482K, capacity 14804K, committed 15104K, reserved 1062912K
  class space    used 1814K, capacity 1937K, committed 2048K, reserved 1048576K
}
Event: 88.635 GC heap before
{Heap before GC invocations=6 (full 1):
 PSYoungGen      total 130048K, used 2399K [0x00000000d7f80000, 0x00000000e9680000, 0x0000000100000000)
  eden space 124928K, 0% used [0x00000000d7f80000,0x00000000d7f80000,0x00000000df980000)
  from space 5120K, 46% used [0x00000000df980000,0x00000000dfbd7f18,0x00000000dfe80000)
  to   space 17920K, 0% used [0x00000000e8500000,0x00000000e8500000,0x00000000e9680000)
 ParOldGen       total 83456K, used 66779K [0x0000000087e00000, 0x000000008cf80000, 0x00000000d7f80000)
  object space 83456K, 80% used [0x0000000087e00000,0x000000008bf36d00,0x000000008cf80000)
 Metaspace       used 14482K, capacity 14804K, committed 15104K, reserved 1062912K
  class space    used 1814K, capacity 1937K, committed 2048K, reserved 1048576K
Event: 88.738 GC heap after
Heap after GC invocations=6 (full 1):
 PSYoungGen      total 130048K, used 0K [0x00000000d7f80000, 0x00000000e9680000, 0x0000000100000000)
  eden space 124928K, 0% used [0x00000000d7f80000,0x00000000d7f80000,0x00000000df980000)
  from space 5120K, 0% used [0x00000000df980000,0x00000000df980000,0x00000000dfe80000)
  to   space 17920K, 0% used [0x00000000e8500000,0x00000000e8500000,0x00000000e9680000)
 ParOldGen       total 87552K, used 21727K [0x0000000087e00000, 0x000000008d380000, 0x00000000d7f80000)
  object space 87552K, 24% used [0x0000000087e00000,0x0000000089337c80,0x000000008d380000)
 Metaspace       used 14482K, capacity 14804K, committed 15104K, reserved 1062912K
  class space    used 1814K, capacity 1937K, committed 2048K, reserved 1048576K
}
Event: 107.600 GC heap before
{Heap before GC invocations=7 (full 1):
 PSYoungGen      total 130048K, used 124928K [0x00000000d7f80000, 0x00000000e9680000, 0x0000000100000000)
  eden space 124928K, 100% used [0x00000000d7f80000,0x00000000df980000,0x00000000df980000)
  from space 5120K, 0% used [0x00000000df980000,0x00000000df980000,0x00000000dfe80000)
  to   space 17920K, 0% used [0x00000000e8500000,0x00000000e8500000,0x00000000e9680000)
 ParOldGen       total 87552K, used 21727K [0x0000000087e00000, 0x000000008d380000, 0x00000000d7f80000)
  object space 87552K, 24% used [0x0000000087e00000,0x0000000089337c80,0x000000008d380000)
 Metaspace       used 14578K, capacity 14948K, committed 15104K, reserved 1062912K
  class space    used 1814K, capacity 1937K, committed 2048K, reserved 1048576K
Event: 107.780 GC heap after
Heap after GC invocations=7 (full 1):
 PSYoungGen      total 258560K, used 17366K [0x00000000d7f80000, 0x00000000e9600000, 0x0000000100000000)
  eden space 241152K, 0% used [0x00000000d7f80000,0x00000000d7f80000,0x00000000e6b00000)
  from space 17408K, 99% used [0x00000000e8500000,0x00000000e95f5820,0x00000000e9600000)
  to   space 22016K, 0% used [0x00000000e6b00000,0x00000000e6b00000,0x00000000e8080000)
 ParOldGen       total 87552K, used 32369K [0x0000000087e00000, 0x000000008d380000, 0x00000000d7f80000)
  object space 87552K, 36% used [0x0000000087e00000,0x0000000089d9c720,0x000000008d380000)
 Metaspace       used 14578K, capacity 14948K, committed 15104K, reserved 1062912K
  class space    used 1814K, capacity 1937K, committed 2048K, reserved 1048576K
}
Event: 173.937 GC heap before
{Heap before GC invocations=8 (full 1):
 PSYoungGen      total 258560K, used 257036K [0x00000000d7f80000, 0x00000000e9600000, 0x0000000100000000)
  eden space 241152K, 99% used [0x00000000d7f80000,0x00000000e698db38,0x00000000e6b00000)
  from space 17408K, 99% used [0x00000000e8500000,0x00000000e95f5820,0x00000000e9600000)
  to   space 22016K, 0% used [0x00000000e6b00000,0x00000000e6b00000,0x00000000e8080000)
 ParOldGen       total 87552K, used 32369K [0x0000000087e00000, 0x000000008d380000, 0x00000000d7f80000)
  object space 87552K, 36% used [0x0000000087e00000,0x0000000089d9c720,0x000000008d380000)
 Metaspace       used 14695K, capacity 15080K, committed 15360K, reserved 1062912K
  class space    used 1814K, capacity 1937K, committed 2048K, reserved 1048576K

